<?xml version="1.0" encoding="UTF-8"?>
<!-- Generated by org.testng.reporters.JUnitReportReporter -->
<testsuite hostname="PSDLAP374" failures="0" tests="1" name="Test.test" time="15.355" errors="0" timestamp="2025-02-27T17:04:42 IST" skipped="0">
  <testcase classname="Test.test" name="Validate_About_Us_Button_Click_TC_001" time="15.355"/>
</testsuite> <!-- Test.test -->
