<?xml version="1.0" encoding="UTF-8"?>
<!-- Generated by org.testng.reporters.JUnitReportReporter -->
<testsuite hostname="PSDLAP374" failures="0" tests="3" name="Test.test" time="36.891" errors="0" timestamp="2025-02-27T13:18:46 IST" skipped="0">
  <testcase classname="Test.test" name="openGooglePage" time="10.842"/>
  <testcase classname="Test.test" name="Search_feature" time="10.324"/>
  <testcase classname="Test.test" name="Validate_second_JOIN_US_button_click_TC_003" time="15.725"/>
</testsuite> <!-- Test.test -->
